<?xml version="1.0" encoding="UTF-8"?>
<!-- Generated by org.testng.reporters.JUnitReportReporter -->
<testsuite hostname="LAPTOP-704UC4MD" failures="0" tests="1" name="pack1.ContactTest" time="0.013" errors="0" timestamp="25 Jun 2024 05:29:08 GMT" skipped="0">
  <testcase classname="pack1.ContactTest" name="createcontactTest" time="0.013"/>
</testsuite> <!-- pack1.ContactTest -->
