<?xml version="1.0" encoding="UTF-8"?>
<!-- Generated by org.testng.reporters.JUnitReportReporter -->
<testsuite hostname="LAPTOP-704UC4MD" failures="0" tests="1" name="pack2.OrgTest" time="0.010" errors="0" timestamp="02 Jul 2024 11:42:10 GMT" skipped="0">
  <testcase classname="pack2.OrgTest" name="createorgTest" time="0.010"/>
</testsuite> <!-- pack2.OrgTest -->
