<?xml version="1.0" encoding="UTF-8"?>
<!-- Generated by org.testng.reporters.JUnitReportReporter -->
<testsuite hostname="LAPTOP-704UC4MD" failures="0" tests="2" name="pack1.ContactTest" time="0.018" errors="0" timestamp="02 Jul 2024 11:43:00 GMT" skipped="0">
  <testcase classname="pack1.ContactTest" name="modifycontactTest" time="0.007"/>
  <testcase classname="pack1.ContactTest" name="createcontactTest" time="0.011"/>
</testsuite> <!-- pack1.ContactTest -->
